<?xml version="1.0" encoding="UTF-8"?>
<!-- Generated by org.testng.reporters.JUnitReportReporter -->
<testsuite hostname="tama" failures="0" tests="12" name="Alomsafer_TestCases" time="87.972" errors="0" timestamp="2025-05-05T17:10:49 GMT+03:00" skipped="0">
  <testcase classname="Alomsafer_TestCases" name="checkTheDefaultLanguageIsEnglish" time="0.030"/>
  <system-out/>
  <testcase classname="Alomsafer_TestCases" name="checkTheDefaultCurrency" time="0.032"/>
  <system-out/>
  <testcase classname="Alomsafer_TestCases" name="checkContactNumber" time="0.036"/>
  <system-out/>
  <testcase classname="Alomsafer_TestCases" name="checkQitafLogo" time="5.003"/>
  <system-out/>
  <testcase classname="Alomsafer_TestCases" name="checkHotelsTabNotDefault" time="0.026"/>
  <system-out/>
  <testcase classname="Alomsafer_TestCases" name="checkFlightsDepartureDate" time="0.039"/>
  <system-out/>
  <testcase classname="Alomsafer_TestCases" name="chooseRandomLanguage" time="2.873"/>
  <system-out/>
  <testcase classname="Alomsafer_TestCases" name="checkFlightsReturnDate" time="0.095"/>
  <system-out/>
  <testcase classname="Alomsafer_TestCases" name="staysTab" time="1.716"/>
  <system-out/>
  <testcase classname="Alomsafer_TestCases" name="stayLocation" time="1.303"/>
  <system-out/>
  <testcase classname="Alomsafer_TestCases" name="selectRandomRoom_And_GuestOptions" time="0.149"/>
  <system-out/>
  <testcase classname="Alomsafer_TestCases" name="searchHotelsResultsPage" time="76.670"/>
  <system-out/>
</testsuite> <!-- Alomsafer_TestCases -->
