<?xml version="1.0" encoding="UTF-8"?>
<!-- Generated by org.testng.reporters.JUnitReportReporter -->
<testsuite hostname="tama" failures="0" tests="12" name="Alomsafer_TestCases" time="24.287" errors="0" timestamp="2025-05-05T11:59:34 GMT+03:00" skipped="0">
  <testcase classname="Alomsafer_TestCases" name="checkTheDefaultLanguageIsEnglish" time="0.042"/>
  <system-out/>
  <testcase classname="Alomsafer_TestCases" name="checkTheDefaultCurrency" time="0.035"/>
  <system-out/>
  <testcase classname="Alomsafer_TestCases" name="checkContactNumber" time="0.035"/>
  <system-out/>
  <testcase classname="Alomsafer_TestCases" name="checkQitafLogo" time="5.154"/>
  <system-out/>
  <testcase classname="Alomsafer_TestCases" name="checkHotelsTabNotDefault" time="0.037"/>
  <system-out/>
  <testcase classname="Alomsafer_TestCases" name="checkFlightsDepartureDate" time="0.076"/>
  <system-out/>
  <testcase classname="Alomsafer_TestCases" name="chooseRandomLanguage" time="3.092"/>
  <system-out/>
  <testcase classname="Alomsafer_TestCases" name="checkFlightsReturnDate" time="0.083"/>
  <system-out/>
  <testcase classname="Alomsafer_TestCases" name="staysTab" time="1.907"/>
  <system-out/>
  <testcase classname="Alomsafer_TestCases" name="stayLocation" time="1.489"/>
  <system-out/>
  <testcase classname="Alomsafer_TestCases" name="selectRandomRoom_And_GuestOptions" time="0.254"/>
  <system-out/>
  <testcase classname="Alomsafer_TestCases" name="searchHotelsResultsPage" time="12.083"/>
  <system-out/>
</testsuite> <!-- Alomsafer_TestCases -->
