<?xml version="1.0" encoding="UTF-8"?>
<!-- Generated by org.testng.reporters.JUnitReportReporter -->
<testsuite hostname="tama" failures="0" tests="12" name="Alomsafer_TestCases" time="54.875" errors="0" timestamp="2025-05-05T17:04:55 GMT+03:00" skipped="0">
  <testcase classname="Alomsafer_TestCases" name="checkTheDefaultLanguageIsEnglish" time="0.033"/>
  <system-out/>
  <testcase classname="Alomsafer_TestCases" name="checkTheDefaultCurrency" time="0.030"/>
  <system-out/>
  <testcase classname="Alomsafer_TestCases" name="checkContactNumber" time="0.033"/>
  <system-out/>
  <testcase classname="Alomsafer_TestCases" name="checkQitafLogo" time="5.190"/>
  <system-out/>
  <testcase classname="Alomsafer_TestCases" name="checkHotelsTabNotDefault" time="0.025"/>
  <system-out/>
  <testcase classname="Alomsafer_TestCases" name="checkFlightsDepartureDate" time="0.045"/>
  <system-out/>
  <testcase classname="Alomsafer_TestCases" name="chooseRandomLanguage" time="0.015"/>
  <system-out/>
  <testcase classname="Alomsafer_TestCases" name="checkFlightsReturnDate" time="0.052"/>
  <system-out/>
  <testcase classname="Alomsafer_TestCases" name="staysTab" time="2.093"/>
  <system-out/>
  <testcase classname="Alomsafer_TestCases" name="stayLocation" time="1.304"/>
  <system-out/>
  <testcase classname="Alomsafer_TestCases" name="selectRandomRoom_And_GuestOptions" time="0.148"/>
  <system-out/>
  <testcase classname="Alomsafer_TestCases" name="searchHotelsResultsPage" time="45.907"/>
  <system-out/>
</testsuite> <!-- Alomsafer_TestCases -->
